<?xml version="1.0" encoding="UTF-8"?>
<testsuite xmlns:xsi="http://www.w3.org/2001/XMLSchema-instance" xsi:noNamespaceSchemaLocation="https://maven.apache.org/surefire/maven-surefire-plugin/xsd/surefire-test-report.xsd" version="3.0.2" name="com.example.learnprojectback.LearnProjectBackApplicationTests" time="10.753" tests="1" errors="0" skipped="0" failures="0">
  <properties>
[...]
</properties>
  <testcase name="contextLoads" classname="com.example.learnprojectback.LearnProjectBackApplicationTests" time="0.579">
    <system-out><![CDATA[01:10:15.066 [main] INFO org.springframework.test.context.support.AnnotationConfigContextLoaderUtils -- Could not detect default configuration classes for test class [com.example.learnprojectback.LearnProjectBackApplicationTests]: LearnProjectBackApplicationTests does not declare any static, non-private, non-final, nested classes annotated with @Configuration.
01:10:15.248 [main] INFO org.springframework.boot.test.context.SpringBootTestContextBootstrapper -- Found @SpringBootConfiguration com.example.learnprojectback.LearnProjectBackApplication for test class com.example.learnprojectback.LearnProjectBackApplicationTests

  .   ____          _            __ _ _
 /\\ / ___'_ __ _ _(_)_ __  __ _ \ \ \ \
( ( )\___ | '_ | '_| | '_ \/ _` | \ \ \ \
 \\/  ___)| |_)| | | | | || (_| |  ) ) ) )
  '  |____| .__|_| |_|_| |_\__, | / / / /
 =========|_|==============|___/=/_/_/_/

 :: Spring Boot ::                (v3.5.4)

2025-07-30T01:10:16.043+01:00  INFO 19144 --- [LearnProjectBack] [           main] c.e.l.LearnProjectBackApplicationTests   : Starting LearnProjectBackApplicationTests using Java 24 with PID 19144 (started by azert in C:\Users\azert\Desktop\Learner\LearnProjectBack)
2025-07-30T01:10:16.045+01:00  INFO 19144 --- [LearnProjectBack] [           main] c.e.l.LearnProjectBackApplicationTests   : No active profile set, falling back to 1 default profile: "default"
2025-07-30T01:10:17.286+01:00  INFO 19144 --- [LearnProjectBack] [           main] .s.d.r.c.RepositoryConfigurationDelegate : Bootstrapping Spring Data JPA repositories in DEFAULT mode.
2025-07-30T01:10:17.382+01:00  INFO 19144 --- [LearnProjectBack] [           main] .s.d.r.c.RepositoryConfigurationDelegate : Finished Spring Data repository scanning in 81 ms. Found 7 JPA repository interfaces.
2025-07-30T01:10:18.152+01:00  INFO 19144 --- [LearnProjectBack] [           main] o.hibernate.jpa.internal.util.LogHelper  : HHH000204: Processing PersistenceUnitInfo [name: default]
2025-07-30T01:10:18.236+01:00  INFO 19144 --- [LearnProjectBack] [           main] org.hibernate.Version                    : HHH000412: Hibernate ORM core version 6.6.22.Final
2025-07-30T01:10:18.295+01:00  INFO 19144 --- [LearnProjectBack] [           main] o.h.c.internal.RegionFactoryInitiator    : HHH000026: Second-level cache disabled
2025-07-30T01:10:18.726+01:00  INFO 19144 --- [LearnProjectBack] [           main] com.zaxxer.hikari.HikariDataSource       : HikariPool-1 - Starting...
2025-07-30T01:10:18.990+01:00  INFO 19144 --- [LearnProjectBack] [           main] com.zaxxer.hikari.pool.HikariPool        : HikariPool-1 - Added connection org.postgresql.jdbc.PgConnection@50a7c72b
2025-07-30T01:10:18.996+01:00  INFO 19144 --- [LearnProjectBack] [           main] com.zaxxer.hikari.HikariDataSource       : HikariPool-1 - Start completed.
2025-07-30T01:10:19.035+01:00  WARN 19144 --- [LearnProjectBack] [           main] org.hibernate.orm.deprecation            : HHH90000025: PostgreSQLDialect does not need to be specified explicitly using 'hibernate.dialect' (remove the property setting and it will be selected by default)
2025-07-30T01:10:19.077+01:00  INFO 19144 --- [LearnProjectBack] [           main] org.hibernate.orm.connections.pooling    : HHH10001005: Database info:
	Database JDBC URL [Connecting through datasource 'HikariDataSource (HikariPool-1)']
	Database driver: undefined/unknown
	Database version: 17.4
	Autocommit mode: undefined/unknown
	Isolation level: undefined/unknown
	Minimum pool size: undefined/unknown
	Maximum pool size: undefined/unknown
2025-07-30T01:10:19.486+01:00  INFO 19144 --- [LearnProjectBack] [           main] o.s.o.j.p.SpringPersistenceUnitInfo      : No LoadTimeWeaver setup: ignoring JPA class transformer
2025-07-30T01:10:20.882+01:00  INFO 19144 --- [LearnProjectBack] [           main] o.h.e.t.j.p.i.JtaPlatformInitiator       : HHH000489: No JTA platform available (set 'hibernate.transaction.jta.platform' to enable JTA platform integration)
Hibernate: set client_min_messages = WARNING
Hibernate: alter table if exists course drop constraint if exists FKnn7adu37y2ti3e8xknhdxy881
Hibernate: alter table if exists course drop constraint if exists FK8pnktyj098s419rtemul7ka3b
Hibernate: alter table if exists enrollment drop constraint if exists FKbhhcqkw1px6yljqg92m0sh2gt
Hibernate: alter table if exists enrollment drop constraint if exists FKflc0mjeo5u0clye43rxlg3ogs
Hibernate: alter table if exists membership drop constraint if exists FKhelgqr6jj4c3bjc40jmbctmt9
Hibernate: alter table if exists membership drop constraint if exists FK7ccx5hs0p61m5wrwywf0q2cdv
Hibernate: alter table if exists video drop constraint if exists FKgcpx5x8vhp9j5f9nhxlxqx45m
Hibernate: alter table if exists video_progress drop constraint if exists FKqohrqujc0s4fwlxfeirhvktma
Hibernate: alter table if exists video_progress drop constraint if exists FKaa2cigt8p6ha36jv2vl7hqkn6
Hibernate: drop table if exists course cascade
Hibernate: drop table if exists enrollment cascade
Hibernate: drop table if exists membership cascade
Hibernate: drop table if exists organization cascade
Hibernate: drop table if exists users cascade
Hibernate: drop table if exists video cascade
Hibernate: drop table if exists video_progress cascade
Hibernate: create table course (created_at timestamp(6) with time zone, created_by_id uuid, id uuid not null, org_id uuid, description varchar(255), title varchar(255), primary key (id))
Hibernate: create table enrollment (assigned_at timestamp(6) with time zone, course_id uuid, id uuid not null, learner_id uuid, primary key (id))
Hibernate: create table membership (created_at timestamp(6) with time zone, id uuid not null, organization_id uuid, user_id uuid, role varchar(255) check (role in ('ADMIN','TRAINER','EMPLOYEE')), primary key (id))
Hibernate: create table organization (created_at timestamp(6) with time zone, id uuid not null, domain varchar(255), name varchar(255), settings jsonb, primary key (id))
Hibernate: create table users (active boolean not null, created_at timestamp(6) with time zone, id uuid not null, email varchar(255) unique, name varchar(255), password varchar(255), phone varchar(255), primary key (id))
Hibernate: create table video (duration_seconds integer not null, order_index integer not null, created_at timestamp(6) with time zone, course_id uuid, id uuid not null, title varchar(255), youtube_url varchar(255), primary key (id))
Hibernate: create table video_progress (watched_percent integer not null, last_watched_at timestamp(6) with time zone, id uuid not null, learner_id uuid, video_id uuid, primary key (id))
Hibernate: alter table if exists course add constraint FKnn7adu37y2ti3e8xknhdxy881 foreign key (created_by_id) references users
Hibernate: alter table if exists course add constraint FK8pnktyj098s419rtemul7ka3b foreign key (org_id) references organization
Hibernate: alter table if exists enrollment add constraint FKbhhcqkw1px6yljqg92m0sh2gt foreign key (course_id) references course
Hibernate: alter table if exists enrollment add constraint FKflc0mjeo5u0clye43rxlg3ogs foreign key (learner_id) references users
Hibernate: alter table if exists membership add constraint FKhelgqr6jj4c3bjc40jmbctmt9 foreign key (organization_id) references organization
Hibernate: alter table if exists membership add constraint FK7ccx5hs0p61m5wrwywf0q2cdv foreign key (user_id) references users
Hibernate: alter table if exists video add constraint FKgcpx5x8vhp9j5f9nhxlxqx45m foreign key (course_id) references course
Hibernate: alter table if exists video_progress add constraint FKqohrqujc0s4fwlxfeirhvktma foreign key (learner_id) references users
Hibernate: alter table if exists video_progress add constraint FKaa2cigt8p6ha36jv2vl7hqkn6 foreign key (video_id) references video
2025-07-30T01:10:20.988+01:00  INFO 19144 --- [LearnProjectBack] [           main] j.LocalContainerEntityManagerFactoryBean : Initialized JPA EntityManagerFactory for persistence unit 'default'
2025-07-30T01:10:21.722+01:00  INFO 19144 --- [LearnProjectBack] [           main] r$InitializeUserDetailsManagerConfigurer : Global AuthenticationManager configured with UserDetailsService bean with name customUserDetailsService
2025-07-30T01:10:24.521+01:00  INFO 19144 --- [LearnProjectBack] [           main] o.s.v.b.OptionalValidatorFactoryBean     : Failed to set up a Bean Validation provider: jakarta.validation.NoProviderFoundException: Unable to create a Configuration, because no Jakarta Bean Validation provider could be found. Add a provider like Hibernate Validator (RI) to your classpath.
2025-07-30T01:10:25.032+01:00  INFO 19144 --- [LearnProjectBack] [           main] c.e.l.LearnProjectBackApplicationTests   : Started LearnProjectBackApplicationTests in 9.58 seconds (process running for 11.537)
]]></system-out>
    <system-err><![CDATA[Mockito is currently self-attaching to enable the inline-mock-maker. This will no longer work in future releases of the JDK. Please add Mockito as an agent to your build as described in Mockito's documentation: https://javadoc.io/doc/org.mockito/mockito-core/latest/org.mockito/org/mockito/Mockito.html#0.3
WARNING: A Java agent has been loaded dynamically (C:\Users\azert\.m2\repository\net\bytebuddy\byte-buddy-agent\1.17.6\byte-buddy-agent-1.17.6.jar)
WARNING: If a serviceability tool is in use, please run with -XX:+EnableDynamicAgentLoading to hide this warning
WARNING: If a serviceability tool is not in use, please run with -Djdk.instrument.traceUsage for more information
WARNING: Dynamic loading of agents will be disallowed by default in a future release
]]></system-err>
  </testcase>
</testsuite>